<?xml version="1.0" encoding="UTF-8"?>
<!-- Generated by org.testng.reporters.JUnitXMLReporter -->
<testsuite ignored="0" hostname="DESKTOP-QOT5JMG" failures="0" tests="5" name="Default test" time="24.31" errors="0" timestamp="2024-10-19T14:07:07 IST">
  <testcase classname="com.sauce.test.SauceLoginTest" name="LaunchUrl" time="11.989"/>
  <testcase classname="com.sauce.test.SauceLoginTest" name="DoLogin" time="3.477"/>
  <testcase classname="com.sauce.test.SauceLoginTest" name="Home" time="0.226"/>
  <testcase classname="com.sauce.test.SauceLoginTest" name="Lougout" time="4.222"/>
  <testcase classname="com.sauce.test.SauceLoginTest" name="TearDown" time="4.326"/>
</testsuite> <!-- Default test -->
