<?xml version="1.0" encoding="UTF-8"?>
<!-- Generated by org.testng.reporters.JUnitXMLReporter -->
<testsuite ignored="0" hostname="DESKTOP-QOT5JMG" failures="0" tests="5" name="Test" time="25.303" errors="0" timestamp="2024-10-19T14:12:37 IST">
  <testcase classname="com.sauce.test.SauceLoginTest_TestNG" name="LaunchUrl" time="12.175"/>
  <testcase classname="com.sauce.test.SauceLoginTest_TestNG" name="DoLogin" time="3.497"/>
  <testcase classname="com.sauce.test.SauceLoginTest_TestNG" name="Home" time="0.236"/>
  <testcase classname="com.sauce.test.SauceLoginTest_TestNG" name="Lougout" time="4.214"/>
  <testcase classname="com.sauce.test.SauceLoginTest_TestNG" name="TearDown" time="5.093"/>
</testsuite> <!-- Test -->
