<?xml version="1.0" encoding="UTF-8"?>
<testng-results ignored="0" total="5" passed="5" failed="0" skipped="0">
  <reporter-output>
  </reporter-output>
  <suite started-at="2024-10-19T14:12:12 IST" name="Suite" finished-at="2024-10-19T14:12:37 IST" duration-ms="25303">
    <groups>
    </groups>
    <test started-at="2024-10-19T14:12:12 IST" name="Test" finished-at="2024-10-19T14:12:37 IST" duration-ms="25303">
      <class name="com.sauce.test.SauceLoginTest_TestNG">
        <test-method signature="LaunchUrl()[pri:1, instance:com.sauce.test.SauceLoginTest_TestNG@bd4dc25]" started-at="2024-10-19T14:12:12 IST" name="LaunchUrl" finished-at="2024-10-19T14:12:24 IST" duration-ms="12175" status="PASS">
          <reporter-output>
          </reporter-output>
        </test-method> <!-- LaunchUrl -->
        <test-method signature="DoLogin()[pri:2, instance:com.sauce.test.SauceLoginTest_TestNG@bd4dc25]" started-at="2024-10-19T14:12:24 IST" name="DoLogin" finished-at="2024-10-19T14:12:27 IST" duration-ms="3497" status="PASS">
          <reporter-output>
          </reporter-output>
        </test-method> <!-- DoLogin -->
        <test-method signature="Home()[pri:3, instance:com.sauce.test.SauceLoginTest_TestNG@bd4dc25]" started-at="2024-10-19T14:12:27 IST" name="Home" finished-at="2024-10-19T14:12:28 IST" duration-ms="236" status="PASS">
          <reporter-output>
          </reporter-output>
        </test-method> <!-- Home -->
        <test-method signature="Lougout()[pri:4, instance:com.sauce.test.SauceLoginTest_TestNG@bd4dc25]" started-at="2024-10-19T14:12:28 IST" name="Lougout" finished-at="2024-10-19T14:12:32 IST" duration-ms="4214" status="PASS">
          <reporter-output>
          </reporter-output>
        </test-method> <!-- Lougout -->
        <test-method signature="TearDown()[pri:5, instance:com.sauce.test.SauceLoginTest_TestNG@bd4dc25]" started-at="2024-10-19T14:12:32 IST" name="TearDown" finished-at="2024-10-19T14:12:37 IST" duration-ms="5093" status="PASS">
          <reporter-output>
          </reporter-output>
        </test-method> <!-- TearDown -->
      </class> <!-- com.sauce.test.SauceLoginTest_TestNG -->
    </test> <!-- Test -->
  </suite> <!-- Suite -->
</testng-results>
